Added Component: Designator=DD6(PCBComponent_1)
Add component. Clean all parameters for all variants
Add component (AddParameter): Name = "ValueDescription"; Value = "Дифференциальный драйвер и ресивер двухпроводной линии (RS-422)"; VariantName = "[No Variations]"
Add component (AddParameter): Name = "ValueManufacturer"; Value = "Texas Instruments"; VariantName = "[No Variations]"
Add component (AddParameter): Name = "ValueManufacturerPartNumber"; Value = "SN75179BD"; VariantName = "[No Variations]"
Add component (AddParameter): Name = "ValuePackage"; Value = "SO-8"; VariantName = "[No Variations]"
Add component (AddParameter): Name = "ValueType"; Value = "SN75179BD"; VariantName = "[No Variations]"
Added Component: Designator=VD4(DO-41)
Add component. Clean all parameters for all variants
Add component (AddParameter): Name = "Code_JEDEC"; Value = "DO-204-AL"; VariantName = "[No Variations]"
Add component (AddParameter): Name = "ComponentLink1Description"; Value = "Manufacturer Link"; VariantName = "[No Variations]"
Add component (AddParameter): Name = "ComponentLink1URL"; Value = "http://www.fairchildsemi.com/"; VariantName = "[No Variations]"
Add component (AddParameter): Name = "ComponentLink2Description"; Value = "Datasheet"; VariantName = "[No Variations]"
Add component (AddParameter): Name = "ComponentLink2URL"; Value = "http://www.fairchildsemi.com/ds/1N%2F1N4001.pdf"; VariantName = "[No Variations]"
Add component (AddParameter): Name = "DatasheetVersion"; Value = "1998"; VariantName = "[No Variations]"
Add component (AddParameter): Name = "LatestRevisionDate"; Value = "17-Jul-2002"; VariantName = "[No Variations]"
Add component (AddParameter): Name = "LatestRevisionNote"; Value = "Re-released for DXP Platform."; VariantName = "[No Variations]"
Add component (AddParameter): Name = "PackageDescription"; Value = "Diode, Axial; Body 5.2 x 2.7 mm (LxDia. max), Lead Dia. 0.86 mm (max)"; VariantName = "[No Variations]"
Add component (AddParameter): Name = "PackageReference"; Value = "DO-41"; VariantName = "[No Variations]"
Add component (AddParameter): Name = "PackageVersion"; Value = "Aug-1999"; VariantName = "[No Variations]"
Add component (AddParameter): Name = "Published"; Value = "8-Jun-2000"; VariantName = "[No Variations]"
Add component (AddParameter): Name = "Publisher"; Value = "Altium Limited"; VariantName = "[No Variations]"
Added Component: Designator=VD5(DO-41)
Add component. Clean all parameters for all variants
Add component (AddParameter): Name = "Code_JEDEC"; Value = "DO-204-AL"; VariantName = "[No Variations]"
Add component (AddParameter): Name = "ComponentLink1Description"; Value = "Manufacturer Link"; VariantName = "[No Variations]"
Add component (AddParameter): Name = "ComponentLink1URL"; Value = "http://www.fairchildsemi.com/"; VariantName = "[No Variations]"
Add component (AddParameter): Name = "ComponentLink2Description"; Value = "Datasheet"; VariantName = "[No Variations]"
Add component (AddParameter): Name = "ComponentLink2URL"; Value = "http://www.fairchildsemi.com/ds/1N%2F1N4001.pdf"; VariantName = "[No Variations]"
Add component (AddParameter): Name = "DatasheetVersion"; Value = "1998"; VariantName = "[No Variations]"
Add component (AddParameter): Name = "LatestRevisionDate"; Value = "17-Jul-2002"; VariantName = "[No Variations]"
Add component (AddParameter): Name = "LatestRevisionNote"; Value = "Re-released for DXP Platform."; VariantName = "[No Variations]"
Add component (AddParameter): Name = "PackageDescription"; Value = "Diode, Axial; Body 5.2 x 2.7 mm (LxDia. max), Lead Dia. 0.86 mm (max)"; VariantName = "[No Variations]"
Add component (AddParameter): Name = "PackageReference"; Value = "DO-41"; VariantName = "[No Variations]"
Add component (AddParameter): Name = "PackageVersion"; Value = "Aug-1999"; VariantName = "[No Variations]"
Add component (AddParameter): Name = "Published"; Value = "8-Jun-2000"; VariantName = "[No Variations]"
Add component (AddParameter): Name = "Publisher"; Value = "Altium Limited"; VariantName = "[No Variations]"
Added Component: Designator=VD6(DO-41)
Add component. Clean all parameters for all variants
Add component (AddParameter): Name = "Code_JEDEC"; Value = "DO-204-AL"; VariantName = "[No Variations]"
Add component (AddParameter): Name = "ComponentLink1Description"; Value = "Manufacturer Link"; VariantName = "[No Variations]"
Add component (AddParameter): Name = "ComponentLink1URL"; Value = "http://www.fairchildsemi.com/"; VariantName = "[No Variations]"
Add component (AddParameter): Name = "ComponentLink2Description"; Value = "Datasheet"; VariantName = "[No Variations]"
Add component (AddParameter): Name = "ComponentLink2URL"; Value = "http://www.fairchildsemi.com/ds/1N%2F1N4001.pdf"; VariantName = "[No Variations]"
Add component (AddParameter): Name = "DatasheetVersion"; Value = "1998"; VariantName = "[No Variations]"
Add component (AddParameter): Name = "LatestRevisionDate"; Value = "17-Jul-2002"; VariantName = "[No Variations]"
Add component (AddParameter): Name = "LatestRevisionNote"; Value = "Re-released for DXP Platform."; VariantName = "[No Variations]"
Add component (AddParameter): Name = "PackageDescription"; Value = "Diode, Axial; Body 5.2 x 2.7 mm (LxDia. max), Lead Dia. 0.86 mm (max)"; VariantName = "[No Variations]"
Add component (AddParameter): Name = "PackageReference"; Value = "DO-41"; VariantName = "[No Variations]"
Add component (AddParameter): Name = "PackageVersion"; Value = "Aug-1999"; VariantName = "[No Variations]"
Add component (AddParameter): Name = "Published"; Value = "8-Jun-2000"; VariantName = "[No Variations]"
Add component (AddParameter): Name = "Publisher"; Value = "Altium Limited"; VariantName = "[No Variations]"
Added Component: Designator=VT7(TO-92A)
Add component. Clean all parameters for all variants
Add component (AddParameter): Name = "ComponentLink1Description"; Value = "Manufacturer Link"; VariantName = "[No Variations]"
Add component (AddParameter): Name = "ComponentLink1URL"; Value = "http://www.fairchildsemi.com/"; VariantName = "[No Variations]"
Add component (AddParameter): Name = "ComponentLink2Description"; Value = "Datasheet"; VariantName = "[No Variations]"
Add component (AddParameter): Name = "ComponentLink2URL"; Value = "http://www.fairchildsemi.com/ds/2N%2F2N3906.pdf"; VariantName = "[No Variations]"
Add component (AddParameter): Name = "DatasheetVersion"; Value = "1997"; VariantName = "[No Variations]"
Add component (AddParameter): Name = "LatestRevisionDate"; Value = "15-Jan-2003"; VariantName = "[No Variations]"
Add component (AddParameter): Name = "LatestRevisionNote"; Value = "PCB Footprint 'BCY-W3/D4.7' replaced"; VariantName = "[No Variations]"
Add component (AddParameter): Name = "PackageDescription"; Value = "TO, Flat Index; 3 In-Line, Axial Leads; Body Dia. 4.5mm; Leads 0.51 x 0.48 mm (max)"; VariantName = "[No Variations]"
Add component (AddParameter): Name = "PackageReference"; Value = "TO-92A"; VariantName = "[No Variations]"
Add component (AddParameter): Name = "PackageVersion"; Value = "Sep-1998"; VariantName = "[No Variations]"
Add component (AddParameter): Name = "Published"; Value = "8-Jun-2000"; VariantName = "[No Variations]"
Add component (AddParameter): Name = "Publisher"; Value = "Altium Limited"; VariantName = "[No Variations]"
Added Component: Designator=X1(PCBComponent_1)
Add component. Clean all parameters for all variants
Add component (AddParameter): Name = "A1TXT"; Value = "V_targ"; VariantName = "[No Variations]"
Add component (AddParameter): Name = "A2TXT"; Value = "SWCLK"; VariantName = "[No Variations]"
Add component (AddParameter): Name = "A3TXT"; Value = "GND"; VariantName = "[No Variations]"
Add component (AddParameter): Name = "A4TXT"; Value = "SWDIO"; VariantName = "[No Variations]"
Add component (AddParameter): Name = "A5TXT"; Value = "NRST"; VariantName = "[No Variations]"
Add component (AddParameter): Name = "A6TXT"; Value = "SWO"; VariantName = "[No Variations]"
Add component (AddParameter): Name = "ValueManufacturerPartNumber"; Value = "IDC-6MS"; VariantName = "[No Variations]"
Add component (AddParameter): Name = "ValueType"; Value = "IDC-6MS"; VariantName = "[No Variations]"
Added Net: Name=+3,3В
Added Pin To Net: NetName=+3.3В Pin=X1-1
Added Net: Name=+3.3В
Added Pin To Net: NetName=+5В Pin=DD6-1
Added Net: Name=+5В
Added Pin To Net: NetName=+12В Pin=VD4-1
Added Pin To Net: NetName=+12В Pin=VD5-2
Added Net: Name=+12В
Added Pin To Net: NetName=+27В Pin=VT7-1
Added Net: Name=+27В
Added Net: Name=BOOT1
Added Net: Name=BOOTO
Added Pin To Net: NetName=GND Pin=DD6-4
Added Pin To Net: NetName=GND Pin=VD5-1
Added Pin To Net: NetName=GND Pin=VD6-1
Added Net: Name=GND
Added Net: Name=NetBQ1_1
Added Net: Name=NetBQ1_3
Added Net: Name=NetC3_1
Added Net: Name=NetC3_2
Added Net: Name=NetC4_1
Added Net: Name=NetC6_1
Added Net: Name=NetC6_2
Added Net: Name=NetC7_1
Added Net: Name=NetC7_2
Added Net: Name=NetC8_2
Added Net: Name=NetC12_1
Added Net: Name=NetC12_2
Added Net: Name=NetC16_1
Added Net: Name=NetC23_1
Added Net: Name=NetC23_2
Added Pin To Net: NetName=NetC24_1 Pin=VD4-2
Added Net: Name=NetC24_1
Added Net: Name=NetC31_1
Added Net: Name=NetC32_1
Added Net: Name=NetC32_2
Added Pin To Net: NetName=NetC33_1 Pin=VD6-2
Added Pin To Net: NetName=NetC33_1 Pin=VT7-3
Added Net: Name=NetC33_1
Added Pin To Net: NetName=NetDA1_3 Pin=VT7-2
Added Net: Name=NetDA1_3
Added Net: Name=NetDA3_2
Added Net: Name=NetDD2_5
Added Net: Name=NetDD2_7
Added Net: Name=NetDD3_5
Added Net: Name=NetDD3_7
Added Net: Name=NetDD4_5
Added Net: Name=NetDD4_7
Added Net: Name=NetDD5_13
Added Net: Name=NetDD5_14
Added Pin To Net: NetName=NetDD6_5 Pin=DD6-5
Added Net: Name=NetDD6_5
Added Pin To Net: NetName=NetDD6_6 Pin=DD6-6
Added Net: Name=NetDD6_6
Added Pin To Net: NetName=NetDD6_7 Pin=DD6-7
Added Net: Name=NetDD6_7
Added Pin To Net: NetName=NetDD6_8 Pin=DD6-8
Added Net: Name=NetDD6_8
Added Net: Name=NetR1_2
Added Net: Name=NetR5_2
Added Net: Name=NetR7_2
Added Net: Name=NetR9_2
Added Net: Name=NetR14_2
Added Pin To Net: NetName=NetR19_1 Pin=X1-5
Added Net: Name=NetR19_1
Added Net: Name=NetR21_2
Added Net: Name=NetR24_2
Added Net: Name=NRST
Added Net: Name=PWM_A
Added Net: Name=PWM_B
Added Net: Name=PWM_C
Added Net: Name=PWM_nSD
Added Pin To Net: NetName=SWCLK Pin=X1-2
Added Net: Name=SWCLK
Added Pin To Net: NetName=SWDIO Pin=X1-4
Added Net: Name=SWDIO
Added Pin To Net: NetName=SWO Pin=X1-6
Added Net: Name=SWO
Added Pin To Net: NetName=USART1_RX Pin=DD6-2
Added Net: Name=USART1_RX
Added Pin To Net: NetName=USART1_TX Pin=DD6-3
Added Net: Name=USART1_TX
Added Net: Name=USART2_RX
Added Net: Name=USART2_TX
Added Class: Name=Schematic
Added Room: Name=Schematic
