Added Component: Designator=DD6(PCBComponent_1)
Add component. Clean all parameters for all variants
Add component (AddParameter): Name = "ValueDescription"; Value = "Дифференциальный драйвер и ресивер двухпроводной линии (RS-422)"; VariantName = "[No Variations]"
Add component (AddParameter): Name = "ValueManufacturer"; Value = "Texas Instruments"; VariantName = "[No Variations]"
Add component (AddParameter): Name = "ValueManufacturerPartNumber"; Value = "SN75179BD"; VariantName = "[No Variations]"
Add component (AddParameter): Name = "ValuePackage"; Value = "SO-8"; VariantName = "[No Variations]"
Add component (AddParameter): Name = "ValueType"; Value = "SN75179BD"; VariantName = "[No Variations]"
Added Component: Designator=VD4(DO-41)
Add component. Clean all parameters for all variants
Add component (AddParameter): Name = "Code_JEDEC"; Value = "DO-204-AL"; VariantName = "[No Variations]"
Add component (AddParameter): Name = "ComponentLink1Description"; Value = "Manufacturer Link"; VariantName = "[No Variations]"
Add component (AddParameter): Name = "ComponentLink1URL"; Value = "http://www.fairchildsemi.com/"; VariantName = "[No Variations]"
Add component (AddParameter): Name = "ComponentLink2Description"; Value = "Datasheet"; VariantName = "[No Variations]"
Add component (AddParameter): Name = "ComponentLink2URL"; Value = "http://www.fairchildsemi.com/ds/1N%2F1N4001.pdf"; VariantName = "[No Variations]"
Add component (AddParameter): Name = "DatasheetVersion"; Value = "1998"; VariantName = "[No Variations]"
Add component (AddParameter): Name = "LatestRevisionDate"; Value = "17-Jul-2002"; VariantName = "[No Variations]"
Add component (AddParameter): Name = "LatestRevisionNote"; Value = "Re-released for DXP Platform."; VariantName = "[No Variations]"
Add component (AddParameter): Name = "PackageDescription"; Value = "Diode, Axial; Body 5.2 x 2.7 mm (LxDia. max), Lead Dia. 0.86 mm (max)"; VariantName = "[No Variations]"
Add component (AddParameter): Name = "PackageReference"; Value = "DO-41"; VariantName = "[No Variations]"
Add component (AddParameter): Name = "PackageVersion"; Value = "Aug-1999"; VariantName = "[No Variations]"
Add component (AddParameter): Name = "Published"; Value = "8-Jun-2000"; VariantName = "[No Variations]"
Add component (AddParameter): Name = "Publisher"; Value = "Altium Limited"; VariantName = "[No Variations]"
Added Component: Designator=VD5(DO-41)
Add component. Clean all parameters for all variants
Add component (AddParameter): Name = "Code_JEDEC"; Value = "DO-204-AL"; VariantName = "[No Variations]"
Add component (AddParameter): Name = "ComponentLink1Description"; Value = "Manufacturer Link"; VariantName = "[No Variations]"
Add component (AddParameter): Name = "ComponentLink1URL"; Value = "http://www.fairchildsemi.com/"; VariantName = "[No Variations]"
Add component (AddParameter): Name = "ComponentLink2Description"; Value = "Datasheet"; VariantName = "[No Variations]"
Add component (AddParameter): Name = "ComponentLink2URL"; Value = "http://www.fairchildsemi.com/ds/1N%2F1N4001.pdf"; VariantName = "[No Variations]"
Add component (AddParameter): Name = "DatasheetVersion"; Value = "1998"; VariantName = "[No Variations]"
Add component (AddParameter): Name = "LatestRevisionDate"; Value = "17-Jul-2002"; VariantName = "[No Variations]"
Add component (AddParameter): Name = "LatestRevisionNote"; Value = "Re-released for DXP Platform."; VariantName = "[No Variations]"
Add component (AddParameter): Name = "PackageDescription"; Value = "Diode, Axial; Body 5.2 x 2.7 mm (LxDia. max), Lead Dia. 0.86 mm (max)"; VariantName = "[No Variations]"
Add component (AddParameter): Name = "PackageReference"; Value = "DO-41"; VariantName = "[No Variations]"
Add component (AddParameter): Name = "PackageVersion"; Value = "Aug-1999"; VariantName = "[No Variations]"
Add component (AddParameter): Name = "Published"; Value = "8-Jun-2000"; VariantName = "[No Variations]"
Add component (AddParameter): Name = "Publisher"; Value = "Altium Limited"; VariantName = "[No Variations]"
Added Component: Designator=VD6(DO-41)
Add component. Clean all parameters for all variants
Add component (AddParameter): Name = "Code_JEDEC"; Value = "DO-204-AL"; VariantName = "[No Variations]"
Add component (AddParameter): Name = "ComponentLink1Description"; Value = "Manufacturer Link"; VariantName = "[No Variations]"
Add component (AddParameter): Name = "ComponentLink1URL"; Value = "http://www.fairchildsemi.com/"; VariantName = "[No Variations]"
Add component (AddParameter): Name = "ComponentLink2Description"; Value = "Datasheet"; VariantName = "[No Variations]"
Add component (AddParameter): Name = "ComponentLink2URL"; Value = "http://www.fairchildsemi.com/ds/1N%2F1N4001.pdf"; VariantName = "[No Variations]"
Add component (AddParameter): Name = "DatasheetVersion"; Value = "1998"; VariantName = "[No Variations]"
Add component (AddParameter): Name = "LatestRevisionDate"; Value = "17-Jul-2002"; VariantName = "[No Variations]"
Add component (AddParameter): Name = "LatestRevisionNote"; Value = "Re-released for DXP Platform."; VariantName = "[No Variations]"
Add component (AddParameter): Name = "PackageDescription"; Value = "Diode, Axial; Body 5.2 x 2.7 mm (LxDia. max), Lead Dia. 0.86 mm (max)"; VariantName = "[No Variations]"
Add component (AddParameter): Name = "PackageReference"; Value = "DO-41"; VariantName = "[No Variations]"
Add component (AddParameter): Name = "PackageVersion"; Value = "Aug-1999"; VariantName = "[No Variations]"
Add component (AddParameter): Name = "Published"; Value = "8-Jun-2000"; VariantName = "[No Variations]"
Add component (AddParameter): Name = "Publisher"; Value = "Altium Limited"; VariantName = "[No Variations]"
Added Component: Designator=VT7(TO-92A)
Add component. Clean all parameters for all variants
Add component (AddParameter): Name = "ComponentLink1Description"; Value = "Manufacturer Link"; VariantName = "[No Variations]"
Add component (AddParameter): Name = "ComponentLink1URL"; Value = "http://www.fairchildsemi.com/"; VariantName = "[No Variations]"
Add component (AddParameter): Name = "ComponentLink2Description"; Value = "Datasheet"; VariantName = "[No Variations]"
Add component (AddParameter): Name = "ComponentLink2URL"; Value = "http://www.fairchildsemi.com/ds/2N%2F2N3906.pdf"; VariantName = "[No Variations]"
Add component (AddParameter): Name = "DatasheetVersion"; Value = "1997"; VariantName = "[No Variations]"
Add component (AddParameter): Name = "LatestRevisionDate"; Value = "15-Jan-2003"; VariantName = "[No Variations]"
Add component (AddParameter): Name = "LatestRevisionNote"; Value = "PCB Footprint 'BCY-W3/D4.7' replaced"; VariantName = "[No Variations]"
Add component (AddParameter): Name = "PackageDescription"; Value = "TO, Flat Index; 3 In-Line, Axial Leads; Body Dia. 4.5mm; Leads 0.51 x 0.48 mm (max)"; VariantName = "[No Variations]"
Add component (AddParameter): Name = "PackageReference"; Value = "TO-92A"; VariantName = "[No Variations]"
Add component (AddParameter): Name = "PackageVersion"; Value = "Sep-1998"; VariantName = "[No Variations]"
Add component (AddParameter): Name = "Published"; Value = "8-Jun-2000"; VariantName = "[No Variations]"
Add component (AddParameter): Name = "Publisher"; Value = "Altium Limited"; VariantName = "[No Variations]"
Added Component: Designator=X1(PCBComponent_1)
Add component. Clean all parameters for all variants
Add component (AddParameter): Name = "A1TXT"; Value = "V_targ"; VariantName = "[No Variations]"
Add component (AddParameter): Name = "A2TXT"; Value = "SWCLK"; VariantName = "[No Variations]"
Add component (AddParameter): Name = "A3TXT"; Value = "GND"; VariantName = "[No Variations]"
Add component (AddParameter): Name = "A4TXT"; Value = "SWDIO"; VariantName = "[No Variations]"
Add component (AddParameter): Name = "A5TXT"; Value = "NRST"; VariantName = "[No Variations]"
Add component (AddParameter): Name = "A6TXT"; Value = "SWO"; VariantName = "[No Variations]"
Add component (AddParameter): Name = "ValueManufacturerPartNumber"; Value = "IDC-6MS"; VariantName = "[No Variations]"
Add component (AddParameter): Name = "ValueType"; Value = "IDC-6MS"; VariantName = "[No Variations]"
Added Pin To Net: NetName=+5В Pin=DD6-1
Added Pin To Net: NetName=GND Pin=DD6-4
Added Pin To Net: NetName=NetDD6_5 Pin=DD6-5
Added Pin To Net: NetName=NetDD6_6 Pin=DD6-6
Added Pin To Net: NetName=NetDD6_7 Pin=DD6-7
Added Pin To Net: NetName=NetDD6_8 Pin=DD6-8
Added Pin To Net: NetName=+12В Pin=VD4-1
Added Pin To Net: NetName=NetC24_1 Pin=VD4-2
Added Pin To Net: NetName=GND Pin=VD5-1
Added Pin To Net: NetName=+12В Pin=VD5-2
Added Pin To Net: NetName=GND Pin=VD6-1
Added Pin To Net: NetName=NetC33_1 Pin=VD6-2
Added Pin To Net: NetName=+27В Pin=VT7-1
Added Pin To Net: NetName=NetDA1_3 Pin=VT7-2
Added Pin To Net: NetName=NetC33_1 Pin=VT7-3
Added Pin To Net: NetName=+3.3В Pin=X1-1
Added Pin To Net: NetName=SWCLK Pin=X1-2
Added Pin To Net: NetName=SWDIO Pin=X1-4
Added Pin To Net: NetName=NetR19_1 Pin=X1-5
Added Pin To Net: NetName=SWO Pin=X1-6
Added Member To Class: ClassName=Схема электрическая принципиальная Member=Component DD6 SN75179BD
Added Member To Class: ClassName=Схема электрическая принципиальная Member=Component VD4 1N4007
Added Member To Class: ClassName=Схема электрическая принципиальная Member=Component VD5 1N4007
Added Member To Class: ClassName=Схема электрическая принципиальная Member=Component VD6 КД213А
Added Member To Class: ClassName=Схема электрическая принципиальная Member=Component VT7 КТ818 (КТ825)
Added Member To Class: ClassName=Схема электрическая принципиальная Member=Component X1 PLS-1x6
Added Room: Name=Схема электрическая принципиальная
