Remove Pin=DD1-20 From Net=BOOT1
Remove Pin=DD1-21 From Net=USART1_TX
Remove Pin=DD1-22 From Net=USART1_RX
Remove Pin=DD1-29 From Net=PWM_A
Remove Pin=DD1-30 From Net=PWM_B
Remove Pin=DD1-31 From Net=PWM_C
Remove Pin=DD1-32 From Net=PWM_nSD
Remove Pin=DD1-34 From Net=SWDIO
Remove Pin=DD1-37 From Net=SWCLK
Remove Pin=DD1-39 From Net=SWO
Remove Pin=DD1-44 From Net=BOOTO
Remove Pin=DD1-45 From Net=USART2_TX
Remove Pin=DD1-46 From Net=USART2_RX
Remove Pin=DD3-3 From Net=PWM_nSD
Remove Pin=DD4-3 From Net=PWM_nSD
Remove Pin=DD5-12 From Net=USART2_RX
Remove Pin=DD6-2 From Net=USART1_RX
Remove Pin=DD6-3 From Net=USART1_TX
Remove Pin=R15-2 From Net=BOOTO
Remove Pin=R16-2 From Net=BOOT1
